[2022-03-08 17:57:26.318] [exthost] [info] Extension host with pid 67 started
[2022-03-08 17:57:27.202] [exthost] [info] ExtensionService#_doActivateExtension vscode.debug-auto-launch, startup: true, activationEvent: '*'
[2022-03-08 17:57:27.277] [exthost] [info] ExtensionService#_doActivateExtension vscode.git-base, startup: true, activationEvent: '*', root cause: vscode.github
[2022-03-08 17:57:27.443] [exthost] [info] ExtensionService#_doActivateExtension vscode.git, startup: true, activationEvent: '*'
[2022-03-08 17:57:27.968] [exthost] [info] ExtensionService#_doActivateExtension vscode.github, startup: true, activationEvent: '*'
[2022-03-08 17:57:31.490] [exthost] [info] ExtensionService#_doActivateExtension vscode.emmet, startup: false, activationEvent: 'onStartupFinished'
[2022-03-08 17:57:31.608] [exthost] [info] ExtensionService#_doActivateExtension vscode.merge-conflict, startup: false, activationEvent: 'onStartupFinished'
[2022-03-08 17:57:31.654] [exthost] [info] Eager extensions activated
[2022-03-08 18:05:56.547] [exthost] [info] ExtensionService#_doActivateExtension vscode.configuration-editing, startup: false, activationEvent: 'onLanguage:jsonc'
[2022-03-08 18:05:56.649] [exthost] [info] ExtensionService#_doActivateExtension vscode.json-language-features, startup: false, activationEvent: 'onLanguage:jsonc'
[2022-03-08 18:05:57.076] [exthost] [info] ExtensionService#_doActivateExtension vscode.typescript-language-features, startup: false, activationEvent: 'onLanguage:jsonc'
[2022-03-08 18:12:03.620] [exthost] [info] ExtensionService#_doActivateExtension sabrsorensen.synthwave-blues, startup: false, activationEvent: '*'
[2022-03-08 18:12:04.704] [exthost] [error] Activating extension sabrsorensen.synthwave-blues failed due to an error:
[2022-03-08 18:12:04.704] [exthost] [error] ReferenceError: whatsNew is not defined
	at activate (/home/daniel_chamaca_25/.vscode-server/extensions/sabrsorensen.synthwave-blues-0.0.2/src/extension.js:122:29)
	at Function._callActivateOptional (/home/daniel_chamaca_25/.vscode-server/bin/f80445acd5a3dadef24aa209168452a3d97cc326/out/vs/workbench/services/extensions/node/extensionHostProcess.js:98:16040)
	at Function._callActivate (/home/daniel_chamaca_25/.vscode-server/bin/f80445acd5a3dadef24aa209168452a3d97cc326/out/vs/workbench/services/extensions/node/extensionHostProcess.js:98:15704)
	at /home/daniel_chamaca_25/.vscode-server/bin/f80445acd5a3dadef24aa209168452a3d97cc326/out/vs/workbench/services/extensions/node/extensionHostProcess.js:98:13528
	at processTicksAndRejections (internal/process/task_queues.js:93:5)
	at async Promise.all (index 0)
	at async w.$activate (/home/daniel_chamaca_25/.vscode-server/bin/f80445acd5a3dadef24aa209168452a3d97cc326/out/vs/workbench/services/extensions/node/extensionHostProcess.js:98:21810)
[2022-03-08 18:13:22.482] [exthost] [info] extension host terminating: received terminate message from renderer
[2022-03-08 18:13:22.616] [exthost] [info] Extension host with pid 67 exiting with code 0
