[2022-03-09T05:55:53.744Z] Validating found git in: git
[2022-03-09T05:55:56.668Z] Using git 2.25.1 from git
[2022-03-09T06:01:00.798Z] > git rev-parse --git-dir [14ms]
[2022-03-09T06:01:00.830Z] Open repository: /home/daniel_chamaca_25
[2022-03-09T06:01:10.020Z] > git ls-files --stage -- /home/daniel_chamaca_25/pepito.txt/pepito.txt [3009ms]
[2022-03-09T06:01:10.033Z] > git symbolic-ref --short HEAD [19ms]
[2022-03-09T06:01:11.407Z] > git for-each-ref --format=%(refname)%00%(upstream:short)%00%(objectname)%00%(upstream:track) refs/heads/master refs/remotes/master [12ms]
[2022-03-09T06:01:14.334Z] > git for-each-ref --sort -committerdate --format %(refname) %(objectname) %(*objectname) [1588ms]
[2022-03-09T06:01:14.341Z] > git remote --verbose [33ms]
[2022-03-09T06:01:17.292Z] > git config --get commit.template [58ms]
[2022-03-09T06:02:17.471Z] > git symbolic-ref --short HEAD [14ms]
[2022-03-09T06:02:19.106Z] > git for-each-ref --format=%(refname)%00%(upstream:short)%00%(objectname)%00%(upstream:track) refs/heads/master refs/remotes/master [19ms]
[2022-03-09T06:02:22.400Z] > git for-each-ref --sort -committerdate --format %(refname) %(objectname) %(*objectname) [1800ms]
[2022-03-09T06:02:22.410Z] > git remote --verbose [19ms]
[2022-03-09T06:02:26.989Z] > git config --get commit.template [64ms]
[2022-03-09T06:04:06.275Z] > git symbolic-ref --short HEAD [22ms]
[2022-03-09T06:04:07.717Z] > git for-each-ref --format=%(refname)%00%(upstream:short)%00%(objectname)%00%(upstream:track) refs/heads/master refs/remotes/master [17ms]
[2022-03-09T06:04:10.977Z] > git for-each-ref --sort -committerdate --format %(refname) %(objectname) %(*objectname) [1732ms]
[2022-03-09T06:04:10.986Z] > git remote --verbose [20ms]
[2022-03-09T06:04:18.134Z] > git config --get commit.template [4973ms]
[2022-03-09T06:04:31.120Z] > git symbolic-ref --short HEAD [18ms]
[2022-03-09T06:04:32.884Z] > git for-each-ref --format=%(refname)%00%(upstream:short)%00%(objectname)%00%(upstream:track) refs/heads/master refs/remotes/master [29ms]
[2022-03-09T06:04:36.653Z] > git for-each-ref --sort -committerdate --format %(refname) %(objectname) %(*objectname) [1745ms]
[2022-03-09T06:04:36.656Z] > git remote --verbose [20ms]
[2022-03-09T06:04:41.881Z] > git config --get commit.template [86ms]
[2022-03-09T06:04:51.085Z] > git symbolic-ref --short HEAD [29ms]
[2022-03-09T06:04:54.076Z] > git for-each-ref --format=%(refname)%00%(upstream:short)%00%(objectname)%00%(upstream:track) refs/heads/master refs/remotes/master [1073ms]
[2022-03-09T06:04:56.933Z] > git for-each-ref --sort -committerdate --format %(refname) %(objectname) %(*objectname) [1432ms]
[2022-03-09T06:04:56.943Z] > git remote --verbose [17ms]
[2022-03-09T06:05:00.591Z] > git config --get commit.template [2117ms]
[2022-03-09T06:05:10.335Z] > git symbolic-ref --short HEAD [22ms]
[2022-03-09T06:05:11.944Z] > git for-each-ref --format=%(refname)%00%(upstream:short)%00%(objectname)%00%(upstream:track) refs/heads/master refs/remotes/master [20ms]
[2022-03-09T06:05:15.483Z] > git for-each-ref --sort -committerdate --format %(refname) %(objectname) %(*objectname) [1721ms]
[2022-03-09T06:05:15.491Z] > git remote --verbose [37ms]
[2022-03-09T06:05:19.207Z] > git config --get commit.template [2101ms]
[2022-03-09T06:05:28.252Z] > git symbolic-ref --short HEAD [24ms]
[2022-03-09T06:05:29.821Z] > git for-each-ref --format=%(refname)%00%(upstream:short)%00%(objectname)%00%(upstream:track) refs/heads/master refs/remotes/master [22ms]
[2022-03-09T06:05:33.045Z] > git for-each-ref --sort -committerdate --format %(refname) %(objectname) %(*objectname) [1621ms]
[2022-03-09T06:05:33.052Z] > git remote --verbose [17ms]
[2022-03-09T06:05:37.610Z] > git config --get commit.template [2734ms]
[2022-03-09T06:05:41.215Z] > git ls-files --stage -- /home/daniel_chamaca_25/pepito.txt/pepito.txt [36ms]
[2022-03-09T06:05:46.087Z] > git cat-file -s efe3a007dfb0cd801c262ed4a3e7f6440443faaf [2947ms]
[2022-03-09T06:05:49.544Z] > git symbolic-ref --short HEAD [39ms]
[2022-03-09T06:05:51.167Z] > git for-each-ref --format=%(refname)%00%(upstream:short)%00%(objectname)%00%(upstream:track) refs/heads/master refs/remotes/master [24ms]
[2022-03-09T06:05:55.873Z] > git remote --verbose [35ms]
[2022-03-09T06:05:55.874Z] > git for-each-ref --sort -committerdate --format %(refname) %(objectname) %(*objectname) [3083ms]
[2022-03-09T06:06:01.967Z] > git config --get commit.template [198ms]
[2022-03-09T06:07:07.335Z] > git symbolic-ref --short HEAD [8ms]
[2022-03-09T06:07:08.772Z] > git for-each-ref --format=%(refname)%00%(upstream:short)%00%(objectname)%00%(upstream:track) refs/heads/master refs/remotes/master [17ms]
[2022-03-09T06:07:11.995Z] > git remote --verbose [21ms]
[2022-03-09T06:07:11.996Z] > git for-each-ref --sort -committerdate --format %(refname) %(objectname) %(*objectname) [1777ms]
[2022-03-09T06:07:19.647Z] > git config --get commit.template [1454ms]
[2022-03-09T06:07:29.118Z] > git symbolic-ref --short HEAD [27ms]
[2022-03-09T06:07:31.001Z] > git for-each-ref --format=%(refname)%00%(upstream:short)%00%(objectname)%00%(upstream:track) refs/heads/master refs/remotes/master [28ms]
[2022-03-09T06:07:34.479Z] > git for-each-ref --sort -committerdate --format %(refname) %(objectname) %(*objectname) [1784ms]
[2022-03-09T06:07:34.487Z] > git remote --verbose [17ms]
[2022-03-09T06:07:39.031Z] > git config --get commit.template [2775ms]
